<?xml version="1.0" encoding="UTF-8"?>
<!-- Generated by org.testng.reporters.JUnitReportReporter -->
<testsuite hostname="SUDIDUTT-IN" failures="0" tests="4" name="com.test.install.checkBuild" time="0.037" errors="0" timestamp="2019-12-29T20:09:50 IST" skipped="0">
  <testcase classname="com.test.install.checkBuild" name="sayHello" time="0.004"/>
  <testcase classname="com.test.install.checkBuild" name="saySum" time="0.005"/>
  <testcase classname="com.test.install.checkBuild" name="sayBye" time="0.026"/>
  <testcase classname="com.test.install.checkBuild" name="sayPrint" time="0.002"/>
</testsuite> <!-- com.test.install.checkBuild -->
