<?xml version="1.0" encoding="UTF-8"?>
<!-- Generated by org.testng.reporters.JUnitReportReporter -->
<testsuite skipped="0" hostname="SUDIDUTT-IN" name="sampleLogin_pom.tests.LoginTest" tests="1" failures="0" timestamp="2019-08-23T14:40:55 IST" time="4.951" errors="0">
  <testcase name="loginToHerokuapp" time="4.951" classname="sampleLogin_pom.tests.LoginTest"/>
</testsuite> <!-- sampleLogin_pom.tests.LoginTest -->
